DEPRECATION WARNING: config.action_view.debug_rjs will be removed in 3.1, from 3.1 onwards you will need to install prototype-rails to continue to use RJS templates . (called from <top (required)> at /Users/tomekskiba/Ruby2/SupplyChainPilotDev/config/environment.rb:5)
  [1m[36mSQL (0.3ms)[0m  [1m SELECT name
 FROM sqlite_master
 WHERE type = 'table' AND NOT name = 'sqlite_sequence'
[0m
  [1m[35mSQL (0.1ms)[0m  select sqlite_version(*)
  [1m[36mSQL (25.7ms)[0m  [1mCREATE TABLE "schema_migrations" ("version" varchar(255) NOT NULL) [0m
  [1m[35mSQL (0.1ms)[0m  PRAGMA index_list("schema_migrations")
  [1m[36mSQL (17.3ms)[0m  [1mCREATE UNIQUE INDEX "unique_schema_migrations" ON "schema_migrations" ("version")[0m
  [1m[35mSQL (0.1ms)[0m   SELECT name
 FROM sqlite_master
 WHERE type = 'table' AND NOT name = 'sqlite_sequence'
  [1m[36mSQL (0.2ms)[0m  [1m SELECT name
 FROM sqlite_master
 WHERE type = 'table' AND NOT name = 'sqlite_sequence'
[0m
  [1m[35mSQL (0.1ms)[0m  SELECT "schema_migrations"."version" FROM "schema_migrations"
Migrating to DeviseCreateUsers (20110808162604)
  [1m[36mSQL (0.5ms)[0m  [1mCREATE TABLE "users" ("id" INTEGER PRIMARY KEY AUTOINCREMENT NOT NULL, "email" varchar(255) DEFAULT '' NOT NULL, "encrypted_password" varchar(128) DEFAULT '' NOT NULL, "reset_password_token" varchar(255), "reset_password_sent_at" datetime, "sign_in_count" integer DEFAULT 0, "current_sign_in_at" datetime, "last_sign_in_at" datetime, "current_sign_in_ip" varchar(255), "last_sign_in_ip" varchar(255), "confirmation_token" varchar(255), "confirmed_at" datetime, "confirmation_sent_at" datetime, "failed_attempts" integer DEFAULT 0, "unlock_token" varchar(255), "locked_at" datetime, "created_at" datetime, "updated_at" datetime) [0m
  [1m[35mSQL (0.0ms)[0m  PRAGMA index_list("users")
  [1m[36mSQL (40.9ms)[0m  [1mCREATE UNIQUE INDEX "index_users_on_email" ON "users" ("email")[0m
  [1m[35mSQL (0.1ms)[0m  PRAGMA index_list("users")
  [1m[36mSQL (0.1ms)[0m  [1mPRAGMA index_info('index_users_on_email')[0m
  [1m[35mSQL (0.2ms)[0m  CREATE UNIQUE INDEX "index_users_on_reset_password_token" ON "users" ("reset_password_token")
  [1m[36mSQL (0.1ms)[0m  [1mPRAGMA index_list("users")[0m
  [1m[35mSQL (0.1ms)[0m  PRAGMA index_info('index_users_on_reset_password_token')
  [1m[36mSQL (0.1ms)[0m  [1mPRAGMA index_info('index_users_on_email')[0m
  [1m[35mSQL (0.1ms)[0m  CREATE UNIQUE INDEX "index_users_on_confirmation_token" ON "users" ("confirmation_token")
  [1m[36mSQL (0.1ms)[0m  [1mPRAGMA index_list("users")[0m
  [1m[35mSQL (0.1ms)[0m  PRAGMA index_info('index_users_on_confirmation_token')
  [1m[36mSQL (0.0ms)[0m  [1mPRAGMA index_info('index_users_on_reset_password_token')[0m
  [1m[35mSQL (0.1ms)[0m  PRAGMA index_info('index_users_on_email')
  [1m[36mSQL (0.1ms)[0m  [1mCREATE UNIQUE INDEX "index_users_on_unlock_token" ON "users" ("unlock_token")[0m
  [1m[35mSQL (0.1ms)[0m  INSERT INTO "schema_migrations" ("version") VALUES ('20110808162604')
Migrating to DeviseCreateAdmins (20110808190612)
  [1m[36mSQL (0.4ms)[0m  [1mCREATE TABLE "admins" ("id" INTEGER PRIMARY KEY AUTOINCREMENT NOT NULL, "email" varchar(255) DEFAULT '' NOT NULL, "encrypted_password" varchar(128) DEFAULT '' NOT NULL, "reset_password_token" varchar(255), "reset_password_sent_at" datetime, "sign_in_count" integer DEFAULT 0, "current_sign_in_at" datetime, "last_sign_in_at" datetime, "current_sign_in_ip" varchar(255), "last_sign_in_ip" varchar(255), "created_at" datetime, "updated_at" datetime) [0m
  [1m[35mSQL (0.1ms)[0m  PRAGMA index_list("admins")
  [1m[36mSQL (0.3ms)[0m  [1mCREATE UNIQUE INDEX "index_admins_on_email" ON "admins" ("email")[0m
  [1m[35mSQL (0.1ms)[0m  PRAGMA index_list("admins")
  [1m[36mSQL (0.1ms)[0m  [1mPRAGMA index_info('index_admins_on_email')[0m
  [1m[35mSQL (0.2ms)[0m  CREATE UNIQUE INDEX "index_admins_on_reset_password_token" ON "admins" ("reset_password_token")
  [1m[36mSQL (0.1ms)[0m  [1mINSERT INTO "schema_migrations" ("version") VALUES ('20110808190612')[0m
Migrating to AddPatientEmailToUser (20110809011705)
  [1m[35mSQL (0.6ms)[0m  ALTER TABLE "users" ADD "patient_email" varchar(255)
  [1m[36mSQL (0.1ms)[0m  [1mINSERT INTO "schema_migrations" ("version") VALUES ('20110809011705')[0m
Migrating to AddFirstNameToUser (20110809011804)
  [1m[35mSQL (0.7ms)[0m  ALTER TABLE "users" ADD "first_name" varchar(255)
  [1m[36mSQL (0.2ms)[0m  [1mINSERT INTO "schema_migrations" ("version") VALUES ('20110809011804')[0m
Migrating to AddLastNameToUser (20110809011833)
  [1m[35mSQL (0.4ms)[0m  ALTER TABLE "users" ADD "last_name" varchar(255)
  [1m[36mSQL (0.1ms)[0m  [1mINSERT INTO "schema_migrations" ("version") VALUES ('20110809011833')[0m
Migrating to AddAccountNoToUser (20110809011907)
  [1m[35mSQL (0.5ms)[0m  ALTER TABLE "users" ADD "account_no" varchar(255)
  [1m[36mSQL (0.1ms)[0m  [1mINSERT INTO "schema_migrations" ("version") VALUES ('20110809011907')[0m
Migrating to AddPrimaryPhoneToUser (20110809012020)
  [1m[35mSQL (0.5ms)[0m  ALTER TABLE "users" ADD "primary_phone" varchar(255)
  [1m[36mSQL (0.1ms)[0m  [1mINSERT INTO "schema_migrations" ("version") VALUES ('20110809012020')[0m
Migrating to AddMobilePhoneToUser (20110809012122)
  [1m[35mSQL (0.6ms)[0m  ALTER TABLE "users" ADD "mobile_phone" varchar(255)
  [1m[36mSQL (0.3ms)[0m  [1mINSERT INTO "schema_migrations" ("version") VALUES ('20110809012122')[0m
Migrating to AddDeliveryDateToUser (20110809012157)
  [1m[35mSQL (0.5ms)[0m  ALTER TABLE "users" ADD "delivery_date" datetime
  [1m[36mSQL (0.1ms)[0m  [1mINSERT INTO "schema_migrations" ("version") VALUES ('20110809012157')[0m
Migrating to AddNoReservedDaysToUser (20110809012239)
  [1m[35mSQL (0.5ms)[0m  ALTER TABLE "users" ADD "no_reserved_days" integer
  [1m[36mSQL (0.1ms)[0m  [1mINSERT INTO "schema_migrations" ("version") VALUES ('20110809012239')[0m
Migrating to AddNoDeliveryCycleDaysToUser (20110809012329)
  [1m[35mSQL (0.6ms)[0m  ALTER TABLE "users" ADD "no_delivery_cycle_days" Integer
  [1m[36mSQL (0.1ms)[0m  [1mINSERT INTO "schema_migrations" ("version") VALUES ('20110809012329')[0m
Migrating to AddAddress1ToUser (20110809012357)
  [1m[35mSQL (0.4ms)[0m  ALTER TABLE "users" ADD "address1" varchar(255)
  [1m[36mSQL (0.1ms)[0m  [1mINSERT INTO "schema_migrations" ("version") VALUES ('20110809012357')[0m
Migrating to AddAddress2ToUser (20110809012409)
  [1m[35mSQL (0.5ms)[0m  ALTER TABLE "users" ADD "address2" varchar(255)
  [1m[36mSQL (0.1ms)[0m  [1mINSERT INTO "schema_migrations" ("version") VALUES ('20110809012409')[0m
Migrating to AddCityToUser (20110809012802)
  [1m[35mSQL (0.6ms)[0m  ALTER TABLE "users" ADD "city" varchar(255)
  [1m[36mSQL (0.1ms)[0m  [1mINSERT INTO "schema_migrations" ("version") VALUES ('20110809012802')[0m
Migrating to AddStateToUser (20110809012820)
  [1m[35mSQL (0.5ms)[0m  ALTER TABLE "users" ADD "state" varchar(255)
  [1m[36mSQL (0.1ms)[0m  [1mINSERT INTO "schema_migrations" ("version") VALUES ('20110809012820')[0m
Migrating to AddPostalCodeToUser (20110809012841)
  [1m[35mSQL (0.5ms)[0m  ALTER TABLE "users" ADD "postal_code" varchar(255)
  [1m[36mSQL (0.1ms)[0m  [1mINSERT INTO "schema_migrations" ("version") VALUES ('20110809012841')[0m
Migrating to AddCaregiverFirstNameToUser (20110809012938)
  [1m[35mSQL (0.5ms)[0m  ALTER TABLE "users" ADD "caregiver_first_name" varchar(255)
  [1m[36mSQL (0.1ms)[0m  [1mINSERT INTO "schema_migrations" ("version") VALUES ('20110809012938')[0m
Migrating to AddCaregiverLastNameToUser (20110809012953)
  [1m[35mSQL (0.4ms)[0m  ALTER TABLE "users" ADD "caregiver_last_name" varchar(255)
  [1m[36mSQL (0.1ms)[0m  [1mINSERT INTO "schema_migrations" ("version") VALUES ('20110809012953')[0m
Migrating to AddCaregiverPhoneToUser (20110809013013)
  [1m[35mSQL (0.5ms)[0m  ALTER TABLE "users" ADD "caregiver_phone" varchar(255)
  [1m[36mSQL (0.1ms)[0m  [1mINSERT INTO "schema_migrations" ("version") VALUES ('20110809013013')[0m
Migrating to AddCaregiverEmailToUser (20110809013127)
  [1m[35mSQL (0.5ms)[0m  ALTER TABLE "users" ADD "caregiver_email" varchar(255)
  [1m[36mSQL (0.1ms)[0m  [1mINSERT INTO "schema_migrations" ("version") VALUES ('20110809013127')[0m
Migrating to AddClinicEmailToUser (20110809013156)
  [1m[35mSQL (0.7ms)[0m  ALTER TABLE "users" ADD "clinic_email" varchar(255)
  [1m[36mSQL (0.2ms)[0m  [1mINSERT INTO "schema_migrations" ("version") VALUES ('20110809013156')[0m
Migrating to AddJdeReconciliationDateToUser (20110810192108)
  [1m[35mSQL (0.7ms)[0m  ALTER TABLE "users" ADD "JDE_reconciliation_date" datetime
  [1m[36mSQL (0.2ms)[0m  [1mINSERT INTO "schema_migrations" ("version") VALUES ('20110810192108')[0m
Migrating to CreateUserApdSupplyXrefs (20110819144703)
  [1m[35mSQL (0.4ms)[0m  CREATE TABLE "user_apd_supply_xrefs" ("id" INTEGER PRIMARY KEY AUTOINCREMENT NOT NULL, "user_id" integer, "apd_supply_id" integer, "line_max" integer, "units_per_cycle" integer, "created_at" datetime, "updated_at" datetime) 
  [1m[36mSQL (0.1ms)[0m  [1mINSERT INTO "schema_migrations" ("version") VALUES ('20110819144703')[0m
Migrating to CreateApdSupplies (20110819145430)
  [1m[35mSQL (0.3ms)[0m  CREATE TABLE "apd_supplies" ("id" INTEGER PRIMARY KEY AUTOINCREMENT NOT NULL, "name" varchar(255), "picture" varchar(255), "created_at" datetime, "updated_at" datetime) 
  [1m[36mSQL (0.1ms)[0m  [1mINSERT INTO "schema_migrations" ("version") VALUES ('20110819145430')[0m
Migrating to CreateUserCapdSupplyXrefs (20110819184705)
  [1m[35mSQL (0.4ms)[0m  CREATE TABLE "user_capd_supply_xrefs" ("id" INTEGER PRIMARY KEY AUTOINCREMENT NOT NULL, "user_id" integer, "capd_supply_id" integer, "line_max" integer, "units_per_cycle" integer, "created_at" datetime, "updated_at" datetime) 
  [1m[36mSQL (0.1ms)[0m  [1mINSERT INTO "schema_migrations" ("version") VALUES ('20110819184705')[0m
Migrating to CreateCapdSupplies (20110819184829)
  [1m[35mSQL (0.4ms)[0m  CREATE TABLE "capd_supplies" ("id" INTEGER PRIMARY KEY AUTOINCREMENT NOT NULL, "name" varchar(255), "picture" varchar(255), "created_at" datetime, "updated_at" datetime) 
  [1m[36mSQL (0.1ms)[0m  [1mINSERT INTO "schema_migrations" ("version") VALUES ('20110819184829')[0m
Migrating to CreateUserAncillarySupplyXrefs (20110819192455)
  [1m[35mSQL (0.4ms)[0m  CREATE TABLE "user_ancillary_supply_xrefs" ("id" INTEGER PRIMARY KEY AUTOINCREMENT NOT NULL, "user_id" integer, "ancillary_supply_id" integer, "created_at" datetime, "updated_at" datetime) 
  [1m[36mSQL (0.2ms)[0m  [1mINSERT INTO "schema_migrations" ("version") VALUES ('20110819192455')[0m
Migrating to CreateAncillarySupplies (20110819192706)
  [1m[35mSQL (0.3ms)[0m  CREATE TABLE "ancillary_supplies" ("id" INTEGER PRIMARY KEY AUTOINCREMENT NOT NULL, "name" varchar(255), "picture" varchar(255), "created_at" datetime, "updated_at" datetime) 
  [1m[36mSQL (0.1ms)[0m  [1mINSERT INTO "schema_migrations" ("version") VALUES ('20110819192706')[0m
Migrating to CreateUserSolutionXrefs (20110819195605)
  [1m[35mSQL (0.5ms)[0m  CREATE TABLE "user_solution_xrefs" ("id" INTEGER PRIMARY KEY AUTOINCREMENT NOT NULL, "user_id" integer, "solution_id" integer, "line_max" integer, "created_at" datetime, "updated_at" datetime) 
  [1m[36mSQL (0.2ms)[0m  [1mINSERT INTO "schema_migrations" ("version") VALUES ('20110819195605')[0m
Migrating to CreateSolutions (20110819195724)
  [1m[35mSQL (0.3ms)[0m  CREATE TABLE "solutions" ("id" INTEGER PRIMARY KEY AUTOINCREMENT NOT NULL, "size" decimal, "color" varchar(255), "solution_type" varchar(255), "name" varchar(255), "created_at" datetime, "updated_at" datetime) 
  [1m[36mSQL (0.1ms)[0m  [1mINSERT INTO "schema_migrations" ("version") VALUES ('20110819195724')[0m
Migrating to CreateOrderSolutionXrefs (20110824020626)
  [1m[35mSQL (0.5ms)[0m  CREATE TABLE "order_solution_xrefs" ("id" INTEGER PRIMARY KEY AUTOINCREMENT NOT NULL, "order_id" integer, "solution_id" integer, "on_hand" integer, "usage_per_week" integer, "created_at" datetime, "updated_at" datetime) 
  [1m[36mSQL (0.1ms)[0m  [1mINSERT INTO "schema_migrations" ("version") VALUES ('20110824020626')[0m
Migrating to CreateOrderApdSupplyXrefs (20110824021057)
  [1m[35mSQL (0.5ms)[0m  CREATE TABLE "order_apd_supply_xrefs" ("id" INTEGER PRIMARY KEY AUTOINCREMENT NOT NULL, "order_id" integer, "apd_supply_id" integer, "on_hand" integer, "created_at" datetime, "updated_at" datetime) 
  [1m[36mSQL (0.1ms)[0m  [1mINSERT INTO "schema_migrations" ("version") VALUES ('20110824021057')[0m
Migrating to CreateOrderCapdSupplyXrefs (20110824021149)
  [1m[35mSQL (0.3ms)[0m  CREATE TABLE "order_capd_supply_xrefs" ("id" INTEGER PRIMARY KEY AUTOINCREMENT NOT NULL, "order_id" integer, "capd_supply_id" integer, "on_hand" integer, "created_at" datetime, "updated_at" datetime) 
  [1m[36mSQL (0.1ms)[0m  [1mINSERT INTO "schema_migrations" ("version") VALUES ('20110824021149')[0m
Migrating to CreateOrderAncillarySupplyXrefs (20110824021349)
  [1m[35mSQL (0.4ms)[0m  CREATE TABLE "order_ancillary_supply_xrefs" ("id" INTEGER PRIMARY KEY AUTOINCREMENT NOT NULL, "order_id" integer, "ancillary_supply_id" integer, "created_at" datetime, "updated_at" datetime) 
  [1m[36mSQL (0.1ms)[0m  [1mINSERT INTO "schema_migrations" ("version") VALUES ('20110824021349')[0m
Migrating to CreateOrders (20110824021605)
  [1m[35mSQL (0.5ms)[0m  CREATE TABLE "orders" ("id" INTEGER PRIMARY KEY AUTOINCREMENT NOT NULL, "user_id" integer, "submitted_flag" boolean, "opt_in" boolean, "created_at" datetime, "updated_at" datetime) 
  [1m[36mSQL (0.1ms)[0m  [1mINSERT INTO "schema_migrations" ("version") VALUES ('20110824021605')[0m
Migrating to AddSuppliesCountedAtToOrder (20110825195240)
  [1m[35mSQL (0.4ms)[0m  ALTER TABLE "orders" ADD "supplies_counted_at" datetime
  [1m[36mSQL (0.1ms)[0m  [1mINSERT INTO "schema_migrations" ("version") VALUES ('20110825195240')[0m
  [1m[35mSQL (0.4ms)[0m   SELECT name
 FROM sqlite_master
 WHERE type = 'table' AND NOT name = 'sqlite_sequence'
  [1m[36mSQL (0.4ms)[0m  [1mSELECT "schema_migrations"."version" FROM "schema_migrations"[0m
  [1m[35mSQL (0.2ms)[0m   SELECT name
 FROM sqlite_master
 WHERE type = 'table' AND NOT name = 'sqlite_sequence'
  [1m[36mSQL (0.1ms)[0m  [1mPRAGMA index_list("admins")[0m
  [1m[35mSQL (0.1ms)[0m  PRAGMA index_info('index_admins_on_reset_password_token')
  [1m[36mSQL (0.1ms)[0m  [1mPRAGMA index_info('index_admins_on_email')[0m
  [1m[35mSQL (0.0ms)[0m  PRAGMA index_list("ancillary_supplies")
  [1m[36mSQL (0.0ms)[0m  [1mPRAGMA index_list("apd_supplies")[0m
  [1m[35mSQL (0.0ms)[0m  PRAGMA index_list("capd_supplies")
  [1m[36mSQL (0.0ms)[0m  [1mPRAGMA index_list("order_ancillary_supply_xrefs")[0m
  [1m[35mSQL (0.0ms)[0m  PRAGMA index_list("order_apd_supply_xrefs")
  [1m[36mSQL (0.1ms)[0m  [1mPRAGMA index_list("order_capd_supply_xrefs")[0m
  [1m[35mSQL (0.0ms)[0m  PRAGMA index_list("order_solution_xrefs")
  [1m[36mSQL (0.0ms)[0m  [1mPRAGMA index_list("orders")[0m
  [1m[35mSQL (0.0ms)[0m  PRAGMA index_list("solutions")
  [1m[36mSQL (0.1ms)[0m  [1mPRAGMA index_list("user_ancillary_supply_xrefs")[0m
  [1m[35mSQL (0.1ms)[0m  PRAGMA index_list("user_apd_supply_xrefs")
  [1m[36mSQL (0.0ms)[0m  [1mPRAGMA index_list("user_capd_supply_xrefs")[0m
  [1m[35mSQL (0.0ms)[0m  PRAGMA index_list("user_solution_xrefs")
  [1m[36mSQL (0.2ms)[0m  [1mPRAGMA index_list("users")[0m
  [1m[35mSQL (0.1ms)[0m  PRAGMA index_info('index_users_on_unlock_token')
  [1m[36mSQL (0.1ms)[0m  [1mPRAGMA index_info('index_users_on_confirmation_token')[0m
  [1m[35mSQL (0.1ms)[0m  PRAGMA index_info('index_users_on_reset_password_token')
  [1m[36mSQL (0.1ms)[0m  [1mPRAGMA index_info('index_users_on_email')[0m
